[debug] [2021-12-23T06:19:13.886Z] ----------------------------------------------------------------------
[debug] [2021-12-23T06:19:13.887Z] Command:       C:\Program Files\nodejs\node.exe C:\Users\HEMANT\AppData\Roaming\npm\node_modules\firebase-tools\lib\bin\firebase.js init
[debug] [2021-12-23T06:19:13.887Z] CLI Version:   10.0.1
[debug] [2021-12-23T06:19:13.888Z] Platform:      win32
[debug] [2021-12-23T06:19:13.888Z] Node Version:  v16.11.1
[debug] [2021-12-23T06:19:13.888Z] Time:          Thu Dec 23 2021 11:49:13 GMT+0530 (India Standard Time)
[debug] [2021-12-23T06:19:13.889Z] ----------------------------------------------------------------------
[debug] 
[debug] [2021-12-23T06:19:13.893Z] > command requires scopes: ["email","openid","https://www.googleapis.com/auth/cloudplatformprojects.readonly","https://www.googleapis.com/auth/firebase","https://www.googleapis.com/auth/cloud-platform"]
[debug] [2021-12-23T06:19:13.894Z] > authorizing via signed-in user (hemantzope25@gmail.com)
[info] 
     ######## #### ########  ######## ########     ###     ######  ########
     ##        ##  ##     ## ##       ##     ##  ##   ##  ##       ##
     ######    ##  ########  ######   ########  #########  ######  ######
     ##        ##  ##    ##  ##       ##     ## ##     ##       ## ##
     ##       #### ##     ## ######## ########  ##     ##  ######  ########

You're about to initialize a Firebase project in this directory:

  D:\React Js Learn Project\zooope-yt

[info] 
=== Project Setup
[info] 
[info] First, let's associate this project directory with a Firebase project.
[info] You can create multiple project aliases by running firebase use --add, 
[info] but for now we'll just set up a default project.
[info] 
[debug] [2021-12-23T06:19:22.397Z] >>> [apiv2][query] GET https://firebase.googleapis.com/v1beta1/projects pageSize=100
[debug] [2021-12-23T06:19:52.405Z] Timeout reached making request to https://firebase.googleapis.com/v1beta1/projects?pageSize=100
[debug] [2021-12-23T06:19:52.822Z] FirebaseError: Timeout reached making request to https://firebase.googleapis.com/v1beta1/projects?pageSize=100
    at Client.doRequest (C:\Users\HEMANT\AppData\Roaming\npm\node_modules\firebase-tools\lib\apiv2.js:211:23)
    at processTicksAndRejections (node:internal/process/task_queues:96:5)
    at async Client.request (C:\Users\HEMANT\AppData\Roaming\npm\node_modules\firebase-tools\lib\apiv2.js:96:20)
    at async getProjectPage (C:\Users\HEMANT\AppData\Roaming\npm\node_modules\firebase-tools\lib\management\projects.js:233:17)
    at async getFirebaseProjectPage (C:\Users\HEMANT\AppData\Roaming\npm\node_modules\firebase-tools\lib\management\projects.js:250:23)
    at async selectProjectInteractively (C:\Users\HEMANT\AppData\Roaming\npm\node_modules\firebase-tools\lib\management\projects.js:95:41)
    at async Object.doSetup [as project] (C:\Users\HEMANT\AppData\Roaming\npm\node_modules\firebase-tools\lib\init\features\project.js:88:27)
    at async init (C:\Users\HEMANT\AppData\Roaming\npm\node_modules\firebase-tools\lib\init\index.js:19:9)
[error] 
[error] Error: Failed to list Firebase projects. See firebase-debug.log for more info.
